Performing C++ SOURCE FILE Test CMAKE_HAVE_LIBC_PTHREAD failed with the following output:
Change Dir: /home/essential/AndroidStudioProjects/libs/build/arm64-v8a/CMakeFiles/CMakeTmp

Run Build Command(s):/usr/bin/gmake -f Makefile cmTC_38c6e/fast && /usr/bin/gmake  -f CMakeFiles/cmTC_38c6e.dir/build.make CMakeFiles/cmTC_38c6e.dir/build
gmake[1]: вход в каталог «/home/essential/AndroidStudioProjects/libs/build/arm64-v8a/CMakeFiles/CMakeTmp»
Building CXX object CMakeFiles/cmTC_38c6e.dir/src.cxx.o
/home/essential/Android/Sdk/ndk/23.1.7779620/toolchains/llvm/prebuilt/linux-x86_64/bin/clang++ --target=aarch64-none-linux-android21 --sysroot=/home/essential/Android/Sdk/ndk/23.1.7779620/toolchains/llvm/prebuilt/linux-x86_64/sysroot -DCMAKE_HAVE_LIBC_PTHREAD  -DSPDLOG_COMPILED_LIB  -O2 -g -DNDEBUG -fPIE -std=c++11 -MD -MT CMakeFiles/cmTC_38c6e.dir/src.cxx.o -MF CMakeFiles/cmTC_38c6e.dir/src.cxx.o.d -o CMakeFiles/cmTC_38c6e.dir/src.cxx.o -c /home/essential/AndroidStudioProjects/libs/build/arm64-v8a/CMakeFiles/CMakeTmp/src.cxx
/home/essential/AndroidStudioProjects/libs/build/arm64-v8a/CMakeFiles/CMakeTmp/src.cxx:13:3: error: use of undeclared identifier 'pthread_cancel'
  pthread_cancel(thread);
  ^
1 error generated.
gmake[1]: *** [CMakeFiles/cmTC_38c6e.dir/build.make:79: CMakeFiles/cmTC_38c6e.dir/src.cxx.o] Ошибка 1
gmake[1]: выход из каталога «/home/essential/AndroidStudioProjects/libs/build/arm64-v8a/CMakeFiles/CMakeTmp»
gmake: *** [Makefile:127: cmTC_38c6e/fast] Ошибка 2


Source file was:
#include <pthread.h>

static void* test_func(void* data)
{
  return data;
}

int main(void)
{
  pthread_t thread;
  pthread_create(&thread, NULL, test_func, NULL);
  pthread_detach(thread);
  pthread_cancel(thread);
  pthread_join(thread, NULL);
  pthread_atfork(NULL, NULL, NULL);
  pthread_exit(NULL);

  return 0;
}

Determining if the function pthread_create exists in the pthreads failed with the following output:
Change Dir: /home/essential/AndroidStudioProjects/libs/build/arm64-v8a/CMakeFiles/CMakeTmp

Run Build Command(s):/usr/bin/gmake -f Makefile cmTC_a5641/fast && /usr/bin/gmake  -f CMakeFiles/cmTC_a5641.dir/build.make CMakeFiles/cmTC_a5641.dir/build
gmake[1]: вход в каталог «/home/essential/AndroidStudioProjects/libs/build/arm64-v8a/CMakeFiles/CMakeTmp»
Building CXX object CMakeFiles/cmTC_a5641.dir/CheckFunctionExists.cxx.o
/home/essential/Android/Sdk/ndk/23.1.7779620/toolchains/llvm/prebuilt/linux-x86_64/bin/clang++ --target=aarch64-none-linux-android21 --sysroot=/home/essential/Android/Sdk/ndk/23.1.7779620/toolchains/llvm/prebuilt/linux-x86_64/sysroot   -DSPDLOG_COMPILED_LIB -DCHECK_FUNCTION_EXISTS=pthread_create -O2 -g -DNDEBUG -fPIE -std=c++11 -MD -MT CMakeFiles/cmTC_a5641.dir/CheckFunctionExists.cxx.o -MF CMakeFiles/cmTC_a5641.dir/CheckFunctionExists.cxx.o.d -o CMakeFiles/cmTC_a5641.dir/CheckFunctionExists.cxx.o -c /home/essential/AndroidStudioProjects/libs/build/arm64-v8a/CMakeFiles/CheckLibraryExists/CheckFunctionExists.cxx
Linking CXX executable cmTC_a5641
/home/essential/Android/Sdk/cmake/3.22.1/bin/cmake -E cmake_link_script CMakeFiles/cmTC_a5641.dir/link.txt --verbose=1
/home/essential/Android/Sdk/ndk/23.1.7779620/toolchains/llvm/prebuilt/linux-x86_64/bin/clang++ --target=aarch64-none-linux-android21 --sysroot=/home/essential/Android/Sdk/ndk/23.1.7779620/toolchains/llvm/prebuilt/linux-x86_64/sysroot -DSPDLOG_COMPILED_LIB -DCHECK_FUNCTION_EXISTS=pthread_create -O2 -g -DNDEBUG -Wl,--build-id=sha1 -Wl,--no-rosegment -Wl,--fatal-warnings -Qunused-arguments -Wl,--no-undefined  -Wl,--gc-sections  CMakeFiles/cmTC_a5641.dir/CheckFunctionExists.cxx.o -o cmTC_a5641  -lpthreads  -static-libstdc++ -latomic -lm 
ld: error: unable to find library -lpthreads
clang-12: error: linker command failed with exit code 1 (use -v to see invocation)
gmake[1]: *** [CMakeFiles/cmTC_a5641.dir/build.make:100: cmTC_a5641] Ошибка 1
gmake[1]: выход из каталога «/home/essential/AndroidStudioProjects/libs/build/arm64-v8a/CMakeFiles/CMakeTmp»
gmake: *** [Makefile:127: cmTC_a5641/fast] Ошибка 2



Determining if the function pthread_create exists in the pthread failed with the following output:
Change Dir: /home/essential/AndroidStudioProjects/libs/build/arm64-v8a/CMakeFiles/CMakeTmp

Run Build Command(s):/usr/bin/gmake -f Makefile cmTC_64f7b/fast && /usr/bin/gmake  -f CMakeFiles/cmTC_64f7b.dir/build.make CMakeFiles/cmTC_64f7b.dir/build
gmake[1]: вход в каталог «/home/essential/AndroidStudioProjects/libs/build/arm64-v8a/CMakeFiles/CMakeTmp»
Building CXX object CMakeFiles/cmTC_64f7b.dir/CheckFunctionExists.cxx.o
/home/essential/Android/Sdk/ndk/23.1.7779620/toolchains/llvm/prebuilt/linux-x86_64/bin/clang++ --target=aarch64-none-linux-android21 --sysroot=/home/essential/Android/Sdk/ndk/23.1.7779620/toolchains/llvm/prebuilt/linux-x86_64/sysroot   -DSPDLOG_COMPILED_LIB -DCHECK_FUNCTION_EXISTS=pthread_create -O2 -g -DNDEBUG -fPIE -std=c++11 -MD -MT CMakeFiles/cmTC_64f7b.dir/CheckFunctionExists.cxx.o -MF CMakeFiles/cmTC_64f7b.dir/CheckFunctionExists.cxx.o.d -o CMakeFiles/cmTC_64f7b.dir/CheckFunctionExists.cxx.o -c /home/essential/AndroidStudioProjects/libs/build/arm64-v8a/CMakeFiles/CheckLibraryExists/CheckFunctionExists.cxx
Linking CXX executable cmTC_64f7b
/home/essential/Android/Sdk/cmake/3.22.1/bin/cmake -E cmake_link_script CMakeFiles/cmTC_64f7b.dir/link.txt --verbose=1
/home/essential/Android/Sdk/ndk/23.1.7779620/toolchains/llvm/prebuilt/linux-x86_64/bin/clang++ --target=aarch64-none-linux-android21 --sysroot=/home/essential/Android/Sdk/ndk/23.1.7779620/toolchains/llvm/prebuilt/linux-x86_64/sysroot -DSPDLOG_COMPILED_LIB -DCHECK_FUNCTION_EXISTS=pthread_create -O2 -g -DNDEBUG -Wl,--build-id=sha1 -Wl,--no-rosegment -Wl,--fatal-warnings -Qunused-arguments -Wl,--no-undefined  -Wl,--gc-sections  CMakeFiles/cmTC_64f7b.dir/CheckFunctionExists.cxx.o -o cmTC_64f7b  -lpthread  -static-libstdc++ -latomic -lm 
ld: error: unable to find library -lpthread
clang-12: error: linker command failed with exit code 1 (use -v to see invocation)
gmake[1]: *** [CMakeFiles/cmTC_64f7b.dir/build.make:100: cmTC_64f7b] Ошибка 1
gmake[1]: выход из каталога «/home/essential/AndroidStudioProjects/libs/build/arm64-v8a/CMakeFiles/CMakeTmp»
gmake: *** [Makefile:127: cmTC_64f7b/fast] Ошибка 2



